<?xml version="1.0" encoding="UTF-8"?>
<!-- Generated by org.testng.reporters.JUnitXMLReporter -->
<testsuite hostname="DESKTOP-ID9MJDP" name="test1" tests="3" failures="0" timestamp="7 Jan 2017 02:15:02 GMT" time="0.05" errors="0">
  <testcase name="testLogin" time="0.007" classname="com.wbl.testng.test.HomePageTest"/>
  <testcase name="testPresentations" time="0.001" classname="com.wbl.testng.test.HomePageTest"/>
  <testcase name="testRecordings" time="0.003" classname="com.wbl.testng.test.HomePageTest"/>
</testsuite> <!-- test1 -->
