<?xml version="1.0" encoding="UTF-8"?>
<!-- Generated by org.testng.reporters.JUnitXMLReporter -->
<testsuite hostname="DESKTOP-ID9MJDP" name="test2" tests="4" failures="0" timestamp="9 Jan 2017 19:34:00 GMT" time="0.015" errors="0">
  <testcase name="testIsPrime1" time="0.003" classname="com.wbl.testng.test.PrimeNumberTest"/>
  <testcase name="testIsPrime2" time="0.002" classname="com.wbl.testng.test.PrimeNumberTest"/>
  <testcase name="testIsPrime3" time="0.001" classname="com.wbl.testng.test.PrimeNumberTest"/>
  <testcase name="testIsPrime4" time="0.001" classname="com.wbl.testng.test.PrimeNumberTest"/>
</testsuite> <!-- test2 -->
