<?xml version="1.0" encoding="UTF-8"?>
<testng-results skipped="0" failed="0" total="1" passed="1">
  <reporter-output>
  </reporter-output>
  <suite name="Default suite" duration-ms="29336" started-at="2017-01-25T20:44:20Z" finished-at="2017-01-25T20:44:49Z">
    <groups>
    </groups>
    <test name="Default test" duration-ms="29336" started-at="2017-01-25T20:44:20Z" finished-at="2017-01-25T20:44:49Z">
      <class name="com.training.MobileAutomation.App">
        <test-method status="PASS" signature="testApp()[pri:0, instance:com.training.MobileAutomation.App@1ee9faa]" name="testApp" duration-ms="29320" started-at="2017-01-25T12:44:20Z" finished-at="2017-01-25T12:44:49Z">
          <reporter-output>
          </reporter-output>
        </test-method> <!-- testApp -->
      </class> <!-- com.training.MobileAutomation.App -->
    </test> <!-- Default test -->
  </suite> <!-- Default suite -->
</testng-results>
