<?xml version="1.0" encoding="UTF-8"?>
<testng-results skipped="0" failed="0" total="6" passed="6">
  <reporter-output>
  </reporter-output>
  <suite name="MySuite" duration-ms="394" started-at="2017-01-09T19:34:00Z" finished-at="2017-01-09T19:34:00Z">
    <groups>
    </groups>
    <test name="test1" duration-ms="332" started-at="2017-01-09T19:34:00Z" finished-at="2017-01-09T19:34:00Z">
      <class name="com.wbl.testng.test.BasicTest">
        <test-method status="PASS" signature="test2(java.lang.String, java.lang.String)[pri:0, instance:com.wbl.testng.test.BasicTest@121b0a2]" name="test2" duration-ms="11" started-at="2017-01-09T11:34:00Z" finished-at="2017-01-09T11:34:00Z">
          <params>
            <param index="0">
              <value>
                <![CDATA[helloworld]]>
              </value>
            </param>
            <param index="1">
              <value>
                <![CDATA[helloworld- today is monday]]>
              </value>
            </param>
          </params>
          <reporter-output>
          </reporter-output>
        </test-method> <!-- test2 -->
        <test-method status="PASS" signature="test1()[pri:1, instance:com.wbl.testng.test.BasicTest@121b0a2]" name="test1" duration-ms="302" started-at="2017-01-09T11:34:00Z" finished-at="2017-01-09T11:34:00Z">
          <reporter-output>
          </reporter-output>
        </test-method> <!-- test1 -->
      </class> <!-- com.wbl.testng.test.BasicTest -->
    </test> <!-- test1 -->
    <test name="test2" duration-ms="15" started-at="2017-01-09T19:34:00Z" finished-at="2017-01-09T19:34:00Z">
      <class name="com.wbl.testng.test.PrimeNumberTest">
        <test-method status="PASS" signature="beforeSuite()[pri:0, instance:com.wbl.testng.test.PrimeNumberTest@12cc05a]" name="beforeSuite" is-config="true" duration-ms="9" started-at="2017-01-09T11:34:00Z" finished-at="2017-01-09T11:34:00Z">
          <reporter-output>
          </reporter-output>
        </test-method> <!-- beforeSuite -->
        <test-method status="PASS" signature="beforeTest()[pri:0, instance:com.wbl.testng.test.PrimeNumberTest@12cc05a]" name="beforeTest" is-config="true" duration-ms="0" started-at="2017-01-09T11:34:00Z" finished-at="2017-01-09T11:34:00Z">
          <reporter-output>
          </reporter-output>
        </test-method> <!-- beforeTest -->
        <test-method status="PASS" signature="testIsPrime1()[pri:0, instance:com.wbl.testng.test.PrimeNumberTest@12cc05a]" name="testIsPrime1" duration-ms="3" started-at="2017-01-09T11:34:00Z" finished-at="2017-01-09T11:34:00Z">
          <reporter-output>
          </reporter-output>
        </test-method> <!-- testIsPrime1 -->
        <test-method status="PASS" signature="beforeClass()[pri:0, instance:com.wbl.testng.test.PrimeNumberTest@12cc05a]" name="beforeClass" is-config="true" duration-ms="0" started-at="2017-01-09T11:34:00Z" finished-at="2017-01-09T11:34:00Z">
          <reporter-output>
          </reporter-output>
        </test-method> <!-- beforeClass -->
        <test-method status="PASS" signature="testIsPrime2()[pri:0, instance:com.wbl.testng.test.PrimeNumberTest@12cc05a]" name="testIsPrime2" duration-ms="2" started-at="2017-01-09T11:34:00Z" finished-at="2017-01-09T11:34:00Z">
          <reporter-output>
          </reporter-output>
        </test-method> <!-- testIsPrime2 -->
        <test-method status="PASS" signature="testIsPrime3()[pri:0, instance:com.wbl.testng.test.PrimeNumberTest@12cc05a]" name="testIsPrime3" duration-ms="1" started-at="2017-01-09T11:34:00Z" finished-at="2017-01-09T11:34:00Z">
          <reporter-output>
          </reporter-output>
        </test-method> <!-- testIsPrime3 -->
        <test-method status="PASS" signature="testIsPrime4()[pri:0, instance:com.wbl.testng.test.PrimeNumberTest@12cc05a]" name="testIsPrime4" duration-ms="1" started-at="2017-01-09T11:34:00Z" finished-at="2017-01-09T11:34:00Z">
          <reporter-output>
          </reporter-output>
        </test-method> <!-- testIsPrime4 -->
        <test-method status="PASS" signature="afterTest()[pri:0, instance:com.wbl.testng.test.PrimeNumberTest@12cc05a]" name="afterTest" is-config="true" duration-ms="0" started-at="2017-01-09T11:34:00Z" finished-at="2017-01-09T11:34:00Z">
          <reporter-output>
          </reporter-output>
        </test-method> <!-- afterTest -->
        <test-method status="PASS" signature="afterClass()[pri:0, instance:com.wbl.testng.test.PrimeNumberTest@12cc05a]" name="afterClass" is-config="true" duration-ms="0" started-at="2017-01-09T11:34:00Z" finished-at="2017-01-09T11:34:00Z">
          <reporter-output>
          </reporter-output>
        </test-method> <!-- afterClass -->
        <test-method status="PASS" signature="afterSuite()[pri:0, instance:com.wbl.testng.test.PrimeNumberTest@12cc05a]" name="afterSuite" is-config="true" duration-ms="0" started-at="2017-01-09T11:34:00Z" finished-at="2017-01-09T11:34:00Z">
          <reporter-output>
          </reporter-output>
        </test-method> <!-- afterSuite -->
      </class> <!-- com.wbl.testng.test.PrimeNumberTest -->
    </test> <!-- test2 -->
  </suite> <!-- MySuite -->
</testng-results>
