<?xml version="1.0" encoding="UTF-8"?>
<testng-results skipped="0" failed="0" total="1" passed="1">
  <reporter-output>
  </reporter-output>
  <suite name="Default suite" duration-ms="21637" started-at="2017-01-12T20:35:18Z" finished-at="2017-01-12T20:35:40Z">
    <groups>
    </groups>
    <test name="Default test" duration-ms="21637" started-at="2017-01-12T20:35:18Z" finished-at="2017-01-12T20:35:40Z">
      <class name="com.training.Automation.HomePageTest">
        <test-method status="PASS" signature="before()[pri:0, instance:com.training.Automation.HomePageTest@c285f4]" name="before" is-config="true" duration-ms="2532" started-at="2017-01-12T12:35:18Z" finished-at="2017-01-12T12:35:20Z">
          <reporter-output>
          </reporter-output>
        </test-method> <!-- before -->
        <test-method status="PASS" signature="testWalmartHomePage()[pri:0, instance:com.training.Automation.HomePageTest@c285f4]" name="testWalmartHomePage" duration-ms="18071" started-at="2017-01-12T12:35:20Z" finished-at="2017-01-12T12:35:39Z">
          <reporter-output>
          </reporter-output>
        </test-method> <!-- testWalmartHomePage -->
        <test-method status="PASS" signature="after()[pri:0, instance:com.training.Automation.HomePageTest@c285f4]" name="after" is-config="true" duration-ms="1020" started-at="2017-01-12T12:35:39Z" finished-at="2017-01-12T12:35:40Z">
          <reporter-output>
          </reporter-output>
        </test-method> <!-- after -->
      </class> <!-- com.training.Automation.HomePageTest -->
    </test> <!-- Default test -->
  </suite> <!-- Default suite -->
</testng-results>
