<?xml version="1.0" encoding="UTF-8"?>
<!-- Generated by org.testng.reporters.JUnitXMLReporter -->
<testsuite hostname="DESKTOP-ID9MJDP" name="Default test" tests="3" failures="0" timestamp="7 Jan 2017 02:09:01 GMT" time="0.054" errors="0">
  <testcase name="testLogin" time="0.008" classname="com.wbl.testng.test.HomePageTest"/>
  <testcase name="testPresentations" time="0.001" classname="com.wbl.testng.test.HomePageTest"/>
  <testcase name="testRecordings" time="0.001" classname="com.wbl.testng.test.HomePageTest"/>
</testsuite> <!-- Default test -->
